10-08 17:47:34 com_github_MitjaNemec_ReplicateLayout.action_replicate_layout 392:Plugin executed on: 'win32'
10-08 17:47:34 com_github_MitjaNemec_ReplicateLayout.action_replicate_layout 393:Plugin executed with python version: '3.11.5 (main, Jul 16 2024, 08:01:06) [MSC v.1939 64 bit (AMD64)]'
10-08 17:47:34 com_github_MitjaNemec_ReplicateLayout.action_replicate_layout 394:KiCad build version: 8.0.4
10-08 17:47:34 com_github_MitjaNemec_ReplicateLayout.action_replicate_layout 395:Plugin version: 3.0.3
10-08 17:47:34 com_github_MitjaNemec_ReplicateLayout.action_replicate_layout 396:Frame repr: <wx._core.Frame object at 0x00000227B1ECB370>
10-08 17:47:34 com_github_MitjaNemec_ReplicateLayout.action_replicate_layout 420:Preparing replicator with J1 as a reference
10-08 17:47:34 com_github_MitjaNemec_ReplicateLayout.replicate_layout 117:getting a list of all footprints on board
10-08 17:47:34 com_github_MitjaNemec_ReplicateLayout.action_replicate_layout 468:source anchor footprint is 'J1'
Located on: ['Fan_Sheet1']
With filenames: ['Fan_Sheet.kicad_sch']
With sheet_id:['Fan_Sheet1']
10-08 17:47:34 com_github_MitjaNemec_ReplicateLayout.action_replicate_layout 475:Corresponding footprints are 
[('J4', ['Fan_Sheet4']), ('J3', ['Fan_Sheet3']), ('J2', ['Fan_Sheet2']), ('J1', ['Fan_Sheet1'])]
10-08 17:47:34 com_github_MitjaNemec_ReplicateLayout.action_replicate_layout 487:Showing dialog
10-08 17:47:34 com_github_MitjaNemec_ReplicateLayout.replicate_layout 472:constructing a list of sheets suitable for replication on level:'Fan_Sheet1', file:'Fan_Sheet.kicad_sch'
10-08 17:47:34 com_github_MitjaNemec_ReplicateLayout.replicate_layout 509:suitable sheets are:[['Fan_Sheet2'], ['Fan_Sheet3'], ['Fan_Sheet4']]
10-08 17:47:34 com_github_MitjaNemec_ReplicateLayout.replicate_layout 1507:Level selected: ['Fan_Sheet1']
10-08 17:47:34 com_github_MitjaNemec_ReplicateLayout.replicate_layout 1331:Filtering list of tracks
10-08 17:47:34 com_github_MitjaNemec_ReplicateLayout.action_replicate_layout 493:Toolbar position: wx.Point(1886, 77)
10-08 17:47:34 com_github_MitjaNemec_ReplicateLayout.action_replicate_layout 498:Dialog position: wx.Point(1447, 77)
10-08 17:47:36 com_github_MitjaNemec_ReplicateLayout.replicate_layout 472:constructing a list of sheets suitable for replication on level:'Fan_Sheet1', file:'Fan_Sheet.kicad_sch'
10-08 17:47:36 com_github_MitjaNemec_ReplicateLayout.replicate_layout 509:suitable sheets are:[['Fan_Sheet2'], ['Fan_Sheet3'], ['Fan_Sheet4']]
10-08 17:47:36 com_github_MitjaNemec_ReplicateLayout.action_replicate_layout 240:Replicating layout
10-08 17:47:36 com_github_MitjaNemec_ReplicateLayout.replicate_layout 288:Starting replication of sheets: [['Fan_Sheet2'], ['Fan_Sheet3'], ['Fan_Sheet4']]
on level: ['Fan_Sheet1']
with tracks=True, zone=True, text=True, text=True, intersecting=False, remove=False, locked footprints=False, group_only=False
10-08 17:47:36 root 332:updating GUI message: 'Preparing for replication'
10-08 17:47:36 root 337:updating GUI with: 0
10-08 17:47:36 com_github_MitjaNemec_ReplicateLayout.replicate_layout 358:Getting the list of source footprints
10-08 17:47:36 com_github_MitjaNemec_ReplicateLayout.replicate_layout 368:Getting the list of all the remaining footprints
10-08 17:47:36 com_github_MitjaNemec_ReplicateLayout.replicate_layout 375:Getting source tracks
10-08 17:47:36 com_github_MitjaNemec_ReplicateLayout.replicate_layout 1331:Filtering list of tracks
10-08 17:47:36 com_github_MitjaNemec_ReplicateLayout.replicate_layout 379:Getting source zones
10-08 17:47:36 com_github_MitjaNemec_ReplicateLayout.replicate_layout 383:Getting source text items
10-08 17:47:36 com_github_MitjaNemec_ReplicateLayout.replicate_layout 387:Getting source drawing items
10-08 17:47:36 root 332:updating GUI message: 'Replicating footprints'
10-08 17:47:36 com_github_MitjaNemec_ReplicateLayout.replicate_layout 861:Replicating footprints
10-08 17:47:36 com_github_MitjaNemec_ReplicateLayout.replicate_layout 868:Replicating footprints on sheet ['Fan_Sheet2']
10-08 17:47:36 com_github_MitjaNemec_ReplicateLayout.replicate_layout 985:Src text UUid:a639aea5-9a12-4790-ba9b-7b5d4b185ca8
10-08 17:47:36 com_github_MitjaNemec_ReplicateLayout.replicate_layout 986:Dst text UUid:919c1900-758a-4e21-9883-21dc9b0664c4
10-08 17:47:36 com_github_MitjaNemec_ReplicateLayout.replicate_layout 985:Src text UUid:84056641-25ff-497d-8121-3869bf4cd972
10-08 17:47:36 com_github_MitjaNemec_ReplicateLayout.replicate_layout 986:Dst text UUid:339dad16-ce2b-40fc-a46e-283547ced908
10-08 17:47:36 com_github_MitjaNemec_ReplicateLayout.replicate_layout 985:Src text UUid:159e6952-6726-4f01-a9b4-3c80d6ee0efe
10-08 17:47:36 com_github_MitjaNemec_ReplicateLayout.replicate_layout 986:Dst text UUid:7fd35f75-f1c1-4efc-8899-c3c8d5e16664
10-08 17:47:36 com_github_MitjaNemec_ReplicateLayout.replicate_layout 985:Src text UUid:64384f3d-e373-4025-ac1d-c871303550e2
10-08 17:47:36 com_github_MitjaNemec_ReplicateLayout.replicate_layout 986:Dst text UUid:d42bf717-e03f-4631-b1f7-8c4bc36cd8cf
10-08 17:47:36 com_github_MitjaNemec_ReplicateLayout.replicate_layout 985:Src text UUid:b1711c9f-4347-4451-904f-72ab07c69088
10-08 17:47:36 com_github_MitjaNemec_ReplicateLayout.replicate_layout 986:Dst text UUid:a605f067-a66c-4749-92fc-dc0d6bf206f1
10-08 17:47:36 com_github_MitjaNemec_ReplicateLayout.replicate_layout 985:Src text UUid:0ee88eb6-dd37-47ae-9570-5f3706c0cda5
10-08 17:47:36 com_github_MitjaNemec_ReplicateLayout.replicate_layout 986:Dst text UUid:cb348823-c100-49a0-8587-01fcd37477e9
10-08 17:47:36 com_github_MitjaNemec_ReplicateLayout.replicate_layout 985:Src text UUid:f88c9ef2-b304-475e-bca5-1b40cc5afdc0
10-08 17:47:36 com_github_MitjaNemec_ReplicateLayout.replicate_layout 986:Dst text UUid:0761b8e2-83f6-4077-9d32-abefd871c5ed
10-08 17:47:36 com_github_MitjaNemec_ReplicateLayout.replicate_layout 985:Src text UUid:13e8c768-e1d5-41be-babe-f59934a99ec7
10-08 17:47:36 com_github_MitjaNemec_ReplicateLayout.replicate_layout 986:Dst text UUid:3b03637d-3622-4c8e-8624-7fad80919242
10-08 17:47:36 com_github_MitjaNemec_ReplicateLayout.replicate_layout 985:Src text UUid:2b76bc6f-66e6-4bc0-897d-886c32d33f96
10-08 17:47:36 com_github_MitjaNemec_ReplicateLayout.replicate_layout 986:Dst text UUid:56adae2d-4f12-46a1-a5cb-1adb9cd91864
10-08 17:47:36 root 337:updating GUI with: 26
10-08 17:47:36 com_github_MitjaNemec_ReplicateLayout.replicate_layout 985:Src text UUid:2e5b9f22-6c81-466f-ae90-e589f828d8bd
10-08 17:47:36 com_github_MitjaNemec_ReplicateLayout.replicate_layout 986:Dst text UUid:05c67797-ade9-47f2-b68b-ee011e86650c
10-08 17:47:36 com_github_MitjaNemec_ReplicateLayout.replicate_layout 985:Src text UUid:1457af9b-868c-4a33-8ae7-04d71423715b
10-08 17:47:36 com_github_MitjaNemec_ReplicateLayout.replicate_layout 986:Dst text UUid:187956c1-d9b0-41c0-a73c-9349638d5aee
10-08 17:47:36 com_github_MitjaNemec_ReplicateLayout.replicate_layout 985:Src text UUid:0b666ec5-1e24-4413-a188-9b4582adc67f
10-08 17:47:36 com_github_MitjaNemec_ReplicateLayout.replicate_layout 986:Dst text UUid:6883b12e-3ce4-438f-b882-de2e182f33d4
10-08 17:47:36 com_github_MitjaNemec_ReplicateLayout.replicate_layout 985:Src text UUid:bed704a7-dab0-433f-8c80-602316e618a5
10-08 17:47:36 com_github_MitjaNemec_ReplicateLayout.replicate_layout 986:Dst text UUid:831b7953-f674-4ca8-b24d-c0fab2d85ebb
10-08 17:47:36 com_github_MitjaNemec_ReplicateLayout.replicate_layout 985:Src text UUid:8dbe8e21-43c5-4837-ab97-4b3e84173b2a
10-08 17:47:36 com_github_MitjaNemec_ReplicateLayout.replicate_layout 986:Dst text UUid:036d77b2-1896-4d54-a856-2346d878448f
10-08 17:47:36 com_github_MitjaNemec_ReplicateLayout.replicate_layout 868:Replicating footprints on sheet ['Fan_Sheet3']
10-08 17:47:36 com_github_MitjaNemec_ReplicateLayout.replicate_layout 985:Src text UUid:a639aea5-9a12-4790-ba9b-7b5d4b185ca8
10-08 17:47:36 com_github_MitjaNemec_ReplicateLayout.replicate_layout 986:Dst text UUid:d57a6ead-a7dc-4519-a7e8-db5ee003dbc3
10-08 17:47:36 com_github_MitjaNemec_ReplicateLayout.replicate_layout 985:Src text UUid:84056641-25ff-497d-8121-3869bf4cd972
10-08 17:47:36 com_github_MitjaNemec_ReplicateLayout.replicate_layout 986:Dst text UUid:3a44469f-b5dd-4156-8b32-f73927fc2426
10-08 17:47:36 com_github_MitjaNemec_ReplicateLayout.replicate_layout 985:Src text UUid:159e6952-6726-4f01-a9b4-3c80d6ee0efe
10-08 17:47:36 com_github_MitjaNemec_ReplicateLayout.replicate_layout 986:Dst text UUid:d317db55-d430-4661-9b45-cf307de1cdec
10-08 17:47:36 com_github_MitjaNemec_ReplicateLayout.replicate_layout 985:Src text UUid:64384f3d-e373-4025-ac1d-c871303550e2
10-08 17:47:36 com_github_MitjaNemec_ReplicateLayout.replicate_layout 986:Dst text UUid:af4a71c4-9e3b-4f6a-bc7b-99b8849e55dd
10-08 17:47:36 com_github_MitjaNemec_ReplicateLayout.replicate_layout 985:Src text UUid:b1711c9f-4347-4451-904f-72ab07c69088
10-08 17:47:36 com_github_MitjaNemec_ReplicateLayout.replicate_layout 986:Dst text UUid:bf32bc4d-f656-4fe4-a32c-f0acb264f70e
10-08 17:47:36 com_github_MitjaNemec_ReplicateLayout.replicate_layout 985:Src text UUid:0ee88eb6-dd37-47ae-9570-5f3706c0cda5
10-08 17:47:36 com_github_MitjaNemec_ReplicateLayout.replicate_layout 986:Dst text UUid:15c63436-4158-4a60-9ce3-0b3908174f79
10-08 17:47:36 com_github_MitjaNemec_ReplicateLayout.replicate_layout 985:Src text UUid:f88c9ef2-b304-475e-bca5-1b40cc5afdc0
10-08 17:47:36 com_github_MitjaNemec_ReplicateLayout.replicate_layout 986:Dst text UUid:8810c12a-173c-4dfe-baf7-829df1b31a9f
10-08 17:47:36 com_github_MitjaNemec_ReplicateLayout.replicate_layout 985:Src text UUid:13e8c768-e1d5-41be-babe-f59934a99ec7
10-08 17:47:36 com_github_MitjaNemec_ReplicateLayout.replicate_layout 986:Dst text UUid:02d33bd9-9f64-410e-aa89-4065d582e6b5
10-08 17:47:36 com_github_MitjaNemec_ReplicateLayout.replicate_layout 985:Src text UUid:2b76bc6f-66e6-4bc0-897d-886c32d33f96
10-08 17:47:36 com_github_MitjaNemec_ReplicateLayout.replicate_layout 986:Dst text UUid:0f9bd9d8-411d-4992-b85c-d35766b9a8ee
10-08 17:47:36 com_github_MitjaNemec_ReplicateLayout.replicate_layout 985:Src text UUid:2e5b9f22-6c81-466f-ae90-e589f828d8bd
10-08 17:47:36 com_github_MitjaNemec_ReplicateLayout.replicate_layout 986:Dst text UUid:e3e494f6-cec3-4512-a2c0-7be7731c9080
10-08 17:47:36 com_github_MitjaNemec_ReplicateLayout.replicate_layout 985:Src text UUid:1457af9b-868c-4a33-8ae7-04d71423715b
10-08 17:47:36 com_github_MitjaNemec_ReplicateLayout.replicate_layout 986:Dst text UUid:a893d0cb-35b1-41df-9997-8a5bc2626cc1
10-08 17:47:36 com_github_MitjaNemec_ReplicateLayout.replicate_layout 985:Src text UUid:0b666ec5-1e24-4413-a188-9b4582adc67f
10-08 17:47:36 com_github_MitjaNemec_ReplicateLayout.replicate_layout 986:Dst text UUid:628dc3e8-1d72-4683-ad84-ce4f5fef47e4
10-08 17:47:36 com_github_MitjaNemec_ReplicateLayout.replicate_layout 985:Src text UUid:bed704a7-dab0-433f-8c80-602316e618a5
10-08 17:47:36 com_github_MitjaNemec_ReplicateLayout.replicate_layout 986:Dst text UUid:bc3a766c-fa8e-4fab-8016-5f0a74407a46
10-08 17:47:36 com_github_MitjaNemec_ReplicateLayout.replicate_layout 985:Src text UUid:8dbe8e21-43c5-4837-ab97-4b3e84173b2a
10-08 17:47:36 com_github_MitjaNemec_ReplicateLayout.replicate_layout 986:Dst text UUid:66b97555-d209-40f5-a80c-13cbd606de5b
10-08 17:47:36 com_github_MitjaNemec_ReplicateLayout.replicate_layout 868:Replicating footprints on sheet ['Fan_Sheet4']
10-08 17:47:36 com_github_MitjaNemec_ReplicateLayout.replicate_layout 985:Src text UUid:a639aea5-9a12-4790-ba9b-7b5d4b185ca8
10-08 17:47:36 com_github_MitjaNemec_ReplicateLayout.replicate_layout 986:Dst text UUid:1bd7f374-1de2-4093-b090-b811c1969cbe
10-08 17:47:36 com_github_MitjaNemec_ReplicateLayout.replicate_layout 985:Src text UUid:84056641-25ff-497d-8121-3869bf4cd972
10-08 17:47:36 com_github_MitjaNemec_ReplicateLayout.replicate_layout 986:Dst text UUid:afc0778f-5b5e-41e9-9059-625ca62fcae4
10-08 17:47:36 com_github_MitjaNemec_ReplicateLayout.replicate_layout 985:Src text UUid:159e6952-6726-4f01-a9b4-3c80d6ee0efe
10-08 17:47:36 com_github_MitjaNemec_ReplicateLayout.replicate_layout 986:Dst text UUid:4f2a668d-7b8f-4f78-9e87-e275cebaacfc
10-08 17:47:36 com_github_MitjaNemec_ReplicateLayout.replicate_layout 985:Src text UUid:64384f3d-e373-4025-ac1d-c871303550e2
10-08 17:47:36 com_github_MitjaNemec_ReplicateLayout.replicate_layout 986:Dst text UUid:3b6322b1-0e0f-4c95-8a06-98dec6dd5154
10-08 17:47:36 com_github_MitjaNemec_ReplicateLayout.replicate_layout 985:Src text UUid:b1711c9f-4347-4451-904f-72ab07c69088
10-08 17:47:36 com_github_MitjaNemec_ReplicateLayout.replicate_layout 986:Dst text UUid:f7e771e3-e94f-4ffb-9c1d-dd8cce6c4b70
10-08 17:47:36 com_github_MitjaNemec_ReplicateLayout.replicate_layout 985:Src text UUid:0ee88eb6-dd37-47ae-9570-5f3706c0cda5
10-08 17:47:36 com_github_MitjaNemec_ReplicateLayout.replicate_layout 986:Dst text UUid:91112e58-28c8-4bb6-935a-7abb0449bd63
10-08 17:47:36 root 337:updating GUI with: 86
10-08 17:47:36 com_github_MitjaNemec_ReplicateLayout.replicate_layout 985:Src text UUid:f88c9ef2-b304-475e-bca5-1b40cc5afdc0
10-08 17:47:36 com_github_MitjaNemec_ReplicateLayout.replicate_layout 986:Dst text UUid:19d46323-a92f-4114-adc0-5944713373f3
10-08 17:47:36 com_github_MitjaNemec_ReplicateLayout.replicate_layout 985:Src text UUid:13e8c768-e1d5-41be-babe-f59934a99ec7
10-08 17:47:36 com_github_MitjaNemec_ReplicateLayout.replicate_layout 986:Dst text UUid:2be62644-a8bb-4147-bfa7-2ef3036b1f85
10-08 17:47:36 com_github_MitjaNemec_ReplicateLayout.replicate_layout 985:Src text UUid:2b76bc6f-66e6-4bc0-897d-886c32d33f96
10-08 17:47:36 com_github_MitjaNemec_ReplicateLayout.replicate_layout 986:Dst text UUid:4018cc24-9841-4f9a-8d5f-11fa8bd60591
10-08 17:47:36 com_github_MitjaNemec_ReplicateLayout.replicate_layout 985:Src text UUid:2e5b9f22-6c81-466f-ae90-e589f828d8bd
10-08 17:47:36 com_github_MitjaNemec_ReplicateLayout.replicate_layout 986:Dst text UUid:330f3ce1-49d9-4067-b5e7-c594cbc57adc
10-08 17:47:36 com_github_MitjaNemec_ReplicateLayout.replicate_layout 985:Src text UUid:1457af9b-868c-4a33-8ae7-04d71423715b
10-08 17:47:36 com_github_MitjaNemec_ReplicateLayout.replicate_layout 986:Dst text UUid:3127ac38-7083-48a0-aa79-4c269eb79348
10-08 17:47:36 com_github_MitjaNemec_ReplicateLayout.replicate_layout 985:Src text UUid:0b666ec5-1e24-4413-a188-9b4582adc67f
10-08 17:47:36 com_github_MitjaNemec_ReplicateLayout.replicate_layout 986:Dst text UUid:d5dc564c-ce2b-4235-860b-b5b6c851f617
10-08 17:47:36 com_github_MitjaNemec_ReplicateLayout.replicate_layout 985:Src text UUid:bed704a7-dab0-433f-8c80-602316e618a5
10-08 17:47:36 com_github_MitjaNemec_ReplicateLayout.replicate_layout 986:Dst text UUid:0f0fbb4c-ba45-4dbc-94df-063e0f28edfb
10-08 17:47:36 com_github_MitjaNemec_ReplicateLayout.replicate_layout 985:Src text UUid:8dbe8e21-43c5-4837-ab97-4b3e84173b2a
10-08 17:47:36 com_github_MitjaNemec_ReplicateLayout.replicate_layout 986:Dst text UUid:c3c2a312-95bd-42fc-9bbb-41d519e49bff
10-08 17:47:36 root 332:updating GUI message: 'Replicating tracks'
10-08 17:47:36 com_github_MitjaNemec_ReplicateLayout.replicate_layout 1009:Replicating tracks
10-08 17:47:36 com_github_MitjaNemec_ReplicateLayout.replicate_layout 1015:Replicating tracks on sheet ['Fan_Sheet2']
10-08 17:47:36 com_github_MitjaNemec_ReplicateLayout.replicate_layout 792:Net pairs for sheet ['Fan_Sheet2'] :[('FAN1', 'FAN2'), ('Net-(D1-A)', 'Net-(D2-A)'), ('', ''), ('GNDPWR', 'GNDPWR'), ('+12V', '+12V'), ('Net-(Q1-G)', 'Net-(Q2-G)')]
10-08 17:47:36 com_github_MitjaNemec_ReplicateLayout.replicate_layout 1015:Replicating tracks on sheet ['Fan_Sheet3']
10-08 17:47:36 com_github_MitjaNemec_ReplicateLayout.replicate_layout 792:Net pairs for sheet ['Fan_Sheet3'] :[('FAN1', 'FAN3'), ('', ''), ('Net-(D1-A)', 'Net-(D3-A)'), ('GNDPWR', 'GNDPWR'), ('+12V', '+12V'), ('Net-(Q1-G)', 'Net-(Q3-G)')]
10-08 17:47:36 com_github_MitjaNemec_ReplicateLayout.replicate_layout 1015:Replicating tracks on sheet ['Fan_Sheet4']
10-08 17:47:36 com_github_MitjaNemec_ReplicateLayout.replicate_layout 792:Net pairs for sheet ['Fan_Sheet4'] :[('Net-(D1-A)', 'Net-(D4-A)'), ('', ''), ('Net-(Q1-G)', 'Net-(Q4-G)'), ('GNDPWR', 'GNDPWR'), ('+12V', '+12V'), ('FAN1', 'FAN4')]
10-08 17:47:36 root 332:updating GUI message: 'Replicating zones'
10-08 17:47:36 com_github_MitjaNemec_ReplicateLayout.replicate_layout 1079:Replicating zones
10-08 17:47:36 com_github_MitjaNemec_ReplicateLayout.replicate_layout 1086:Replicating zones on sheet ['Fan_Sheet2']
10-08 17:47:36 com_github_MitjaNemec_ReplicateLayout.replicate_layout 792:Net pairs for sheet ['Fan_Sheet2'] :[('FAN1', 'FAN2'), ('Net-(D1-A)', 'Net-(D2-A)'), ('', ''), ('GNDPWR', 'GNDPWR'), ('+12V', '+12V'), ('Net-(Q1-G)', 'Net-(Q2-G)')]
10-08 17:47:36 com_github_MitjaNemec_ReplicateLayout.replicate_layout 1086:Replicating zones on sheet ['Fan_Sheet3']
10-08 17:47:36 com_github_MitjaNemec_ReplicateLayout.replicate_layout 792:Net pairs for sheet ['Fan_Sheet3'] :[('FAN1', 'FAN3'), ('', ''), ('Net-(D1-A)', 'Net-(D3-A)'), ('GNDPWR', 'GNDPWR'), ('+12V', '+12V'), ('Net-(Q1-G)', 'Net-(Q3-G)')]
10-08 17:47:36 com_github_MitjaNemec_ReplicateLayout.replicate_layout 1086:Replicating zones on sheet ['Fan_Sheet4']
10-08 17:47:36 com_github_MitjaNemec_ReplicateLayout.replicate_layout 792:Net pairs for sheet ['Fan_Sheet4'] :[('Net-(D1-A)', 'Net-(D4-A)'), ('', ''), ('Net-(Q1-G)', 'Net-(Q4-G)'), ('GNDPWR', 'GNDPWR'), ('+12V', '+12V'), ('FAN1', 'FAN4')]
10-08 17:47:36 root 332:updating GUI message: 'Replicating text'
10-08 17:47:36 com_github_MitjaNemec_ReplicateLayout.replicate_layout 1168:Replicating text
10-08 17:47:36 com_github_MitjaNemec_ReplicateLayout.replicate_layout 1175:Replicating text on sheet ['Fan_Sheet2']
10-08 17:47:36 com_github_MitjaNemec_ReplicateLayout.replicate_layout 1175:Replicating text on sheet ['Fan_Sheet3']
10-08 17:47:36 com_github_MitjaNemec_ReplicateLayout.replicate_layout 1175:Replicating text on sheet ['Fan_Sheet4']
10-08 17:47:36 root 332:updating GUI message: 'Replicating drawings'
10-08 17:47:36 com_github_MitjaNemec_ReplicateLayout.replicate_layout 1219:Replicating drawings
10-08 17:47:36 com_github_MitjaNemec_ReplicateLayout.replicate_layout 1225:Replicating drawings on sheet ['Fan_Sheet2']
10-08 17:47:36 com_github_MitjaNemec_ReplicateLayout.replicate_layout 1225:Replicating drawings on sheet ['Fan_Sheet3']
10-08 17:47:36 com_github_MitjaNemec_ReplicateLayout.replicate_layout 1225:Replicating drawings on sheet ['Fan_Sheet4']
10-08 17:47:36 com_github_MitjaNemec_ReplicateLayout.action_replicate_layout 256:Replication complete
